<?xml version="1.0" encoding="UTF-8"?>
<!-- Generated by org.testng.reporters.JUnitReportReporter -->
<testsuite skipped="0" hostname="DESKTOP-TO6TFM1" name="pages.SignupPage" tests="2" failures="0" timestamp="2020-07-09T00:56:05 IST" time="55.288" errors="0">
  <testcase name="testSignupPage" time="30.205" classname="pages.SignupPage"/>
  <system-out/>
  <testcase name="activationEmailChecker" time="25.083" classname="pages.SignupPage"/>
  <system-out/>
</testsuite> <!-- pages.SignupPage -->
