<?xml version="1.0" encoding="UTF-8"?>
<!-- Generated by org.testng.reporters.JUnitReportReporter -->
<testsuite skipped="0" hostname="DESKTOP-TO6TFM1" name="pages.SigninPage" tests="2" failures="0" timestamp="2020-07-07T14:21:41 IST" time="11.967" errors="0">
  <testcase name="signinWithInvalidEmail" time="8.065" classname="pages.SigninPage"/>
  <system-out/>
  <testcase name="signinWithValidEmail" time="3.902" classname="pages.SigninPage"/>
  <system-out/>
</testsuite> <!-- pages.SigninPage -->
