<?xml version="1.0" encoding="UTF-8"?>
<!-- Generated by org.testng.reporters.JUnitReportReporter -->
<testsuite skipped="0" hostname="DESKTOP-TO6TFM1" name="pages.SigninPage" tests="2" failures="0" timestamp="2020-07-09T00:56:39 IST" time="16.115" errors="0">
  <testcase name="signinWithInvalidEmail" time="10.723" classname="pages.SigninPage"/>
  <system-out/>
  <testcase name="signinWithValidEmail" time="5.392" classname="pages.SigninPage"/>
  <system-out/>
</testsuite> <!-- pages.SigninPage -->
