<?xml version="1.0" encoding="UTF-8"?>
<!-- Generated by org.testng.reporters.JUnitReportReporter -->
<testsuite skipped="0" hostname="DESKTOP-TO6TFM1" name="pages.HomePage" tests="1" failures="0" timestamp="2020-07-06T18:19:16 IST" time="0.040" errors="0">
  <testcase name="assertHomepage" time="0.040" classname="pages.HomePage"/>
  <system-out/>
</testsuite> <!-- pages.HomePage -->
