<?xml version="1.0" encoding="UTF-8"?>
<!-- Generated by org.testng.reporters.JUnitReportReporter -->
<testsuite skipped="0" hostname="DESKTOP-TO6TFM1" name="pages.SigninPage" tests="2" failures="0" timestamp="2020-07-06T18:19:16 IST" time="7.907" errors="0">
  <testcase name="signinWithInvalidEmail" time="4.062" classname="pages.SigninPage"/>
  <system-out/>
  <testcase name="signinWithValidEmail" time="3.845" classname="pages.SigninPage"/>
  <system-out/>
</testsuite> <!-- pages.SigninPage -->
