<?xml version="1.0" encoding="UTF-8"?>
<!-- Generated by org.testng.reporters.JUnitReportReporter -->
<testsuite skipped="0" hostname="DESKTOP-TO6TFM1" name="pages.SignupPage" tests="2" failures="0" timestamp="2020-07-06T18:19:16 IST" time="18.834" errors="0">
  <testcase name="testSignupPage" time="12.680" classname="pages.SignupPage"/>
  <system-out/>
  <testcase name="activationEmailChecker" time="6.154" classname="pages.SignupPage"/>
  <system-out/>
</testsuite> <!-- pages.SignupPage -->
