<?xml version="1.0" encoding="UTF-8"?>
<!-- Generated by org.testng.reporters.JUnitReportReporter -->
<testsuite skipped="0" hostname="DESKTOP-TO6TFM1" name="pages.Sample" tests="1" failures="0" timestamp="2020-07-05T19:15:26 IST" time="5.161" errors="0">
  <testcase name="assertHomepage" time="5.161" classname="pages.Sample"/>
  <system-out/>
</testsuite> <!-- pages.Sample -->
