<?xml version="1.0" encoding="UTF-8"?>
<!-- Generated by org.testng.reporters.JUnitReportReporter -->
<testsuite skipped="0" hostname="DESKTOP-TO6TFM1" name="pages.SignupPage" tests="2" failures="0" timestamp="2020-07-07T14:23:15 IST" time="25.297" errors="0">
  <testcase name="testSignupPage" time="16.776" classname="pages.SignupPage"/>
  <system-out/>
  <testcase name="activationEmailChecker" time="8.521" classname="pages.SignupPage"/>
  <system-out/>
</testsuite> <!-- pages.SignupPage -->
